0 info it worked if it ends with ok
1 verbose cli [ 'D:\\nodejs\\node.exe',
1 verbose cli   'D:\\nodejs\\node_modules\\npm\\bin\\npm-cli.js',
1 verbose cli   'install',
1 verbose cli   'sonar-runner' ]
2 info using npm@2.15.9
3 info using node@v4.6.0
4 verbose install initial load of E:\ems\ems\ems\package.json
5 verbose installManyTop reading scoped package data from E:\ems\ems\ems\node_modules\async\package.json
6 verbose installManyTop reading scoped package data from E:\ems\ems\ems\node_modules\bluebird\package.json
7 verbose installManyTop reading scoped package data from E:\ems\ems\ems\node_modules\bootstrap\package.json
8 verbose installManyTop reading scoped package data from E:\ems\ems\ems\node_modules\bootstrap-fileinput\package.json
9 verbose installManyTop reading scoped package data from E:\ems\ems\ems\node_modules\connect-flash\package.json
10 verbose installManyTop reading scoped package data from E:\ems\ems\ems\node_modules\connect-mongo\package.json
11 verbose installManyTop reading scoped package data from E:\ems\ems\ems\node_modules\cropper\package.json
12 verbose installManyTop reading scoped package data from E:\ems\ems\ems\node_modules\ejs\package.json
13 verbose installManyTop reading scoped package data from E:\ems\ems\ems\node_modules\express\package.json
14 verbose installManyTop reading scoped package data from E:\ems\ems\ems\node_modules\express-session\package.json
15 verbose installManyTop reading scoped package data from E:\ems\ems\ems\node_modules\formidable\package.json
16 verbose installManyTop reading scoped package data from E:\ems\ems\ems\node_modules\jquery\package.json
17 verbose installManyTop reading scoped package data from E:\ems\ems\ems\node_modules\mongoose\package.json
18 info package.json formidable@1.0.17 No license field.
19 info package.json connect-flash@0.1.1 No license field.
20 info package.json express@3.2.2 No license field.
21 verbose readDependencies loading dependencies from E:\ems\ems\ems\package.json
22 silly cache add args [ 'sonar-runner', null ]
23 verbose cache add spec sonar-runner
24 silly cache add parsed spec Result {
24 silly cache add   raw: 'sonar-runner',
24 silly cache add   scope: null,
24 silly cache add   name: 'sonar-runner',
24 silly cache add   rawSpec: '',
24 silly cache add   spec: 'latest',
24 silly cache add   type: 'tag' }
25 silly addNamed sonar-runner@latest
26 verbose addNamed "latest" is being treated as a dist-tag for sonar-runner
27 info addNameTag [ 'sonar-runner', 'latest' ]
28 silly mapToRegistry name sonar-runner
29 silly mapToRegistry using default registry
30 silly mapToRegistry registry https://registry.npm.taobao.org/
31 silly mapToRegistry data Result {
31 silly mapToRegistry   raw: 'sonar-runner',
31 silly mapToRegistry   scope: null,
31 silly mapToRegistry   name: 'sonar-runner',
31 silly mapToRegistry   rawSpec: '',
31 silly mapToRegistry   spec: 'latest',
31 silly mapToRegistry   type: 'tag' }
32 silly mapToRegistry uri https://registry.npm.taobao.org/sonar-runner
33 verbose addNameTag registry:https://registry.npm.taobao.org/sonar-runner not in flight; fetching
34 verbose request uri https://registry.npm.taobao.org/sonar-runner
35 verbose request no auth needed
36 info attempt registry request try #1 at 19:45:32
37 verbose request id 69ad51b7818d46fa
38 http request GET https://registry.npm.taobao.org/sonar-runner
39 http 404 https://registry.npm.taobao.org/sonar-runner
40 verbose headers { 'content-type': 'application/json',
40 verbose headers   'cache-control': 'max-age=0',
40 verbose headers   'content-length': '2',
40 verbose headers   'accept-ranges': 'bytes',
40 verbose headers   date: 'Thu, 02 Mar 2017 11:45:49 GMT',
40 verbose headers   via: '1.1 varnish',
40 verbose headers   age: '0',
40 verbose headers   connection: 'keep-alive',
40 verbose headers   'x-served-by': 'cache-lax8632-LAX',
40 verbose headers   'x-cache': 'MISS',
40 verbose headers   'x-cache-hits': '0',
40 verbose headers   'x-timer': 'S1488455149.214723,VS0,VE344',
40 verbose headers   vary: 'Accept-Encoding' }
41 silly get cb [ 404,
41 silly get   { 'content-type': 'application/json',
41 silly get     'cache-control': 'max-age=0',
41 silly get     'content-length': '2',
41 silly get     'accept-ranges': 'bytes',
41 silly get     date: 'Thu, 02 Mar 2017 11:45:49 GMT',
41 silly get     via: '1.1 varnish',
41 silly get     age: '0',
41 silly get     connection: 'keep-alive',
41 silly get     'x-served-by': 'cache-lax8632-LAX',
41 silly get     'x-cache': 'MISS',
41 silly get     'x-cache-hits': '0',
41 silly get     'x-timer': 'S1488455149.214723,VS0,VE344',
41 silly get     vary: 'Accept-Encoding' } ]
42 verbose stack Error: Registry returned 404 for GET on https://registry.npm.taobao.org/sonar-runner
42 verbose stack     at makeError (D:\nodejs\node_modules\npm\node_modules\npm-registry-client\lib\request.js:264:12)
42 verbose stack     at CachingRegistryClient.<anonymous> (D:\nodejs\node_modules\npm\node_modules\npm-registry-client\lib\request.js:242:14)
42 verbose stack     at Request._callback (D:\nodejs\node_modules\npm\node_modules\npm-registry-client\lib\request.js:172:14)
42 verbose stack     at Request.self.callback (D:\nodejs\node_modules\npm\node_modules\request\request.js:200:22)
42 verbose stack     at emitTwo (events.js:87:13)
42 verbose stack     at Request.emit (events.js:172:7)
42 verbose stack     at Request.<anonymous> (D:\nodejs\node_modules\npm\node_modules\request\request.js:1067:10)
42 verbose stack     at emitOne (events.js:82:20)
42 verbose stack     at Request.emit (events.js:169:7)
42 verbose stack     at IncomingMessage.<anonymous> (D:\nodejs\node_modules\npm\node_modules\request\request.js:988:12)
43 verbose statusCode 404
44 verbose pkgid sonar-runner
45 verbose cwd E:\ems\ems\ems
46 error Windows_NT 6.1.7601
47 error argv "D:\\nodejs\\node.exe" "D:\\nodejs\\node_modules\\npm\\bin\\npm-cli.js" "install" "sonar-runner"
48 error node v4.6.0
49 error npm  v2.15.9
50 error code E404
51 error 404 Registry returned 404 for GET on https://registry.npm.taobao.org/sonar-runner
51 error 404
51 error 404 'sonar-runner' is not in the npm registry.
51 error 404 You should bug the author to publish it (or use the name yourself!)
51 error 404 It was specified as a dependency of 'ems'
51 error 404
51 error 404 Note that you can also install from a
51 error 404 tarball, folder, http url, or git url.
52 verbose exit [ 1, true ]
